Script started on 2021-09-25 02:29:51+00:00 [TERM="xterm-256color" TTY="/dev/pts/6" COLUMNS="80" LINES="24"]
$ python3 monitor.py -t runtest2.py

------------------------------------------------------------------------------------------
Iteration number :  1
Memory (VM: aos_vm4)  Actual [256.0], Unused: [69.64453125]
Memory (VM: aos_vm1)  Actual [256.0], Unused: [70.1484375]
Memory (VM: aos_vm2)  Actual [256.0], Unused: [67.67578125]
Memory (VM: aos_vm3)  Actual [256.0], Unused: [71.62890625]

------------------------------------------------------------------------------------------
Iteration number :  2
Memory (VM: aos_vm4)  Actual [256.0], Unused: [69.64453125]
Memory (VM: aos_vm1)  Actual [256.0], Unused: [70.1796875]
Memory (VM: aos_vm2)  Actual [256.0], Unused: [67.67578125]
Memory (VM: aos_vm3)  Actual [256.0], Unused: [71.62890625]

------------------------------------------------------------------------------------------
Iteration number :  3
Memory (VM: aos_vm4)  Actual [256.0], Unused: [69.64453125]
Memory (VM: aos_vm1)  Actual [256.0], Unused: [70.1796875]
Memory (VM: aos_vm2)  Actual [256.0], Unused: [67.67578125]
Memory (VM: aos_vm3)  Actual [256.0], Unused: [71.62890625]

------------------------------------------------------------------------------------------
Iteration number :  4
Memory (VM: aos_vm4)  Actual [256.0], Unused: [69.67578125]
Memory (VM: aos_vm1)  Actual [256.0], Unused: [70.1796875]
Memory (VM: aos_vm2)  Actual [256.0], Unused: [67.67578125]
Memory (VM: aos_vm3)  Actual [256.0], Unused: [71.62890625]

------------------------------------------------------------------------------------------
Iteration number :  5
Memory (VM: aos_vm4)  Actual [256.0], Unused: [69.67578125]
Memory (VM: aos_vm1)  Actual [256.0], Unused: [70.1796875]
Memory (VM: aos_vm2)  Actual [256.0], Unused: [67.67578125]
Memory (VM: aos_vm3)  Actual [256.0], Unused: [71.62890625]
Start testcase 2

------------------------------------------------------------------------------------------
Iteration number :  6
Memory (VM: aos_vm4)  Actual [512.0], Unused: [325.546875]
Memory (VM: aos_vm1)  Actual [512.0], Unused: [326.171875]
Memory (VM: aos_vm2)  Actual [512.0], Unused: [323.640625]
Memory (VM: aos_vm3)  Actual [512.0], Unused: [327.5078125]

------------------------------------------------------------------------------------------
Iteration number :  7
Memory (VM: aos_vm4)  Actual [512.0], Unused: [308.58203125]
Memory (VM: aos_vm1)  Actual [512.0], Unused: [309.18359375]
Memory (VM: aos_vm2)  Actual [512.0], Unused: [307.65625]
Memory (VM: aos_vm3)  Actual [512.0], Unused: [309.57421875]

------------------------------------------------------------------------------------------
Iteration number :  8
Memory (VM: aos_vm4)  Actual [512.0], Unused: [290.328125]
Memory (VM: aos_vm1)  Actual [512.0], Unused: [288.734375]
Memory (VM: aos_vm2)  Actual [512.0], Unused: [291.43359375]
Memory (VM: aos_vm3)  Actual [512.0], Unused: [291.68359375]

------------------------------------------------------------------------------------------
Iteration number :  9
Memory (VM: aos_vm4)  Actual [512.0], Unused: [260.5390625]
Memory (VM: aos_vm1)  Actual [512.0], Unused: [258.58203125]
Memory (VM: aos_vm2)  Actual [512.0], Unused: [260.19140625]
Memory (VM: aos_vm3)  Actual [512.0], Unused: [261.41015625]

------------------------------------------------------------------------------------------
Iteration number :  10
Memory (VM: aos_vm4)  Actual [512.0], Unused: [228.8125]
Memory (VM: aos_vm1)  Actual [512.0], Unused: [227.703125]
Memory (VM: aos_vm2)  Actual [512.0], Unused: [228.46484375]
Memory (VM: aos_vm3)  Actual [512.0], Unused: [230.16796875]

------------------------------------------------------------------------------------------
Iteration number :  11
Memory (VM: aos_vm4)  Actual [512.0], Unused: [196.72265625]
Memory (VM: aos_vm1)  Actual [512.0], Unused: [195.734375]
Memory (VM: aos_vm2)  Actual [512.0], Unused: [196.375]
Memory (VM: aos_vm3)  Actual [512.0], Unused: [198.19921875]

------------------------------------------------------------------------------------------
Iteration number :  12
Memory (VM: aos_vm4)  Actual [512.0], Unused: [164.390625]
Memory (VM: aos_vm1)  Actual [512.0], Unused: [163.88671875]
Memory (VM: aos_vm2)  Actual [512.0], Unused: [163.921875]
Memory (VM: aos_vm3)  Actual [512.0], Unused: [166.109375]

------------------------------------------------------------------------------------------
Iteration number :  13
Memory (VM: aos_vm4)  Actual [512.0], Unused: [132.05859375]
Memory (VM: aos_vm1)  Actual [512.0], Unused: [131.67578125]
Memory (VM: aos_vm2)  Actual [512.0], Unused: [131.83203125]
Memory (VM: aos_vm3)  Actual [512.0], Unused: [134.140625]

------------------------------------------------------------------------------------------
Iteration number :  14
Memory (VM: aos_vm4)  Actual [512.0], Unused: [99.7265625]
Memory (VM: aos_vm1)  Actual [512.0], Unused: [99.5859375]
Memory (VM: aos_vm2)  Actual [512.0], Unused: [99.62109375]
Memory (VM: aos_vm3)  Actual [512.0], Unused: [101.9296875]

------------------------------------------------------------------------------------------
Iteration number :  15
Memory (VM: aos_vm4)  Actual [712.0], Unused: [269.86328125]
Memory (VM: aos_vm1)  Actual [712.0], Unused: [269.96484375]
Memory (VM: aos_vm2)  Actual [712.0], Unused: [269.63671875]
Memory (VM: aos_vm3)  Actual [712.0], Unused: [272.55078125]

------------------------------------------------------------------------------------------
Iteration number :  16
Memory (VM: aos_vm4)  Actual [712.0], Unused: [238.13671875]
Memory (VM: aos_vm1)  Actual [712.0], Unused: [238.1171875]
Memory (VM: aos_vm2)  Actual [712.0], Unused: [237.42578125]
Memory (VM: aos_vm3)  Actual [712.0], Unused: [240.703125]

------------------------------------------------------------------------------------------
Iteration number :  17
Memory (VM: aos_vm4)  Actual [712.0], Unused: [206.41015625]
Memory (VM: aos_vm1)  Actual [712.0], Unused: [206.1484375]
Memory (VM: aos_vm2)  Actual [712.0], Unused: [205.09375]
Memory (VM: aos_vm3)  Actual [712.0], Unused: [208.37109375]

------------------------------------------------------------------------------------------
Iteration number :  18
Memory (VM: aos_vm4)  Actual [712.0], Unused: [175.046875]
Memory (VM: aos_vm1)  Actual [712.0], Unused: [174.30078125]
Memory (VM: aos_vm2)  Actual [712.0], Unused: [173.00390625]
Memory (VM: aos_vm3)  Actual [712.0], Unused: [176.40234375]

------------------------------------------------------------------------------------------
Iteration number :  19
Memory (VM: aos_vm4)  Actual [712.0], Unused: [143.5625]
Memory (VM: aos_vm1)  Actual [712.0], Unused: [142.2109375]
Memory (VM: aos_vm2)  Actual [712.0], Unused: [140.4296875]
Memory (VM: aos_vm3)  Actual [712.0], Unused: [144.19140625]

------------------------------------------------------------------------------------------
Iteration number :  20
Memory (VM: aos_vm4)  Actual [712.0], Unused: [112.19921875]
Memory (VM: aos_vm1)  Actual [712.0], Unused: [110.36328125]
Memory (VM: aos_vm2)  Actual [712.0], Unused: [108.09765625]
Memory (VM: aos_vm3)  Actual [712.0], Unused: [112.46484375]

------------------------------------------------------------------------------------------
Iteration number :  21
Memory (VM: aos_vm4)  Actual [912.0], Unused: [283.18359375]
Memory (VM: aos_vm1)  Actual [912.0], Unused: [281.953125]
Memory (VM: aos_vm2)  Actual [912.0], Unused: [278.75]
Memory (VM: aos_vm3)  Actual [912.0], Unused: [283.328125]

------------------------------------------------------------------------------------------
Iteration number :  22
Memory (VM: aos_vm4)  Actual [912.0], Unused: [251.69921875]
Memory (VM: aos_vm1)  Actual [912.0], Unused: [250.2265625]
Memory (VM: aos_vm2)  Actual [912.0], Unused: [247.38671875]
Memory (VM: aos_vm3)  Actual [912.0], Unused: [251.6015625]

------------------------------------------------------------------------------------------
Iteration number :  23
Memory (VM: aos_vm4)  Actual [912.0], Unused: [219.73046875]
Memory (VM: aos_vm1)  Actual [912.0], Unused: [218.37890625]
Memory (VM: aos_vm2)  Actual [912.0], Unused: [215.41796875]
Memory (VM: aos_vm3)  Actual [912.0], Unused: [219.26953125]

------------------------------------------------------------------------------------------
Iteration number :  24
Memory (VM: aos_vm4)  Actual [1112.0], Unused: [392.16796875]
Memory (VM: aos_vm1)  Actual [1112.0], Unused: [390.2421875]
Memory (VM: aos_vm2)  Actual [1112.0], Unused: [388.09765625]
Memory (VM: aos_vm3)  Actual [1112.0], Unused: [391.46484375]

------------------------------------------------------------------------------------------
Iteration number :  25
Memory (VM: aos_vm4)  Actual [1112.0], Unused: [360.44140625]
Memory (VM: aos_vm1)  Actual [1112.0], Unused: [357.91015625]
Memory (VM: aos_vm2)  Actual [1112.0], Unused: [356.37109375]
Memory (VM: aos_vm3)  Actual [1112.0], Unused: [359.375]

------------------------------------------------------------------------------------------
Iteration number :  26
Memory (VM: aos_vm4)  Actual [1112.0], Unused: [327.8984375]
Memory (VM: aos_vm1)  Actual [1112.0], Unused: [327.7578125]
Memory (VM: aos_vm2)  Actual [1112.0], Unused: [324.0390625]
Memory (VM: aos_vm3)  Actual [1112.0], Unused: [330.19140625]

------------------------------------------------------------------------------------------
Iteration number :  27
Memory (VM: aos_vm4)  Actual [1112.0], Unused: [295.9296875]
Memory (VM: aos_vm1)  Actual [1112.0], Unused: [296.15234375]
Memory (VM: aos_vm2)  Actual [1112.0], Unused: [293.16015625]
Memory (VM: aos_vm3)  Actual [1112.0], Unused: [298.70703125]

------------------------------------------------------------------------------------------
Iteration number :  28
Memory (VM: aos_vm4)  Actual [1112.0], Unused: [264.32421875]
Memory (VM: aos_vm1)  Actual [1112.0], Unused: [264.18359375]
Memory (VM: aos_vm2)  Actual [1112.0], Unused: [261.91796875]
Memory (VM: aos_vm3)  Actual [1112.0], Unused: [267.1015625]

------------------------------------------------------------------------------------------
Iteration number :  29
Memory (VM: aos_vm4)  Actual [1112.0], Unused: [216.12890625]
Memory (VM: aos_vm1)  Actual [1112.0], Unused: [216.3515625]
Memory (VM: aos_vm2)  Actual [1112.0], Unused: [215.296875]
Memory (VM: aos_vm3)  Actual [1112.0], Unused: [220.26953125]

------------------------------------------------------------------------------------------
Iteration number :  30
Memory (VM: aos_vm4)  Actual [1312.0], Unused: [386.9921875]
Memory (VM: aos_vm1)  Actual [1312.0], Unused: [387.45703125]
Memory (VM: aos_vm2)  Actual [1312.0], Unused: [386.28125]
Memory (VM: aos_vm3)  Actual [1312.0], Unused: [391.25390625]

------------------------------------------------------------------------------------------
Iteration number :  31
Memory (VM: aos_vm4)  Actual [1312.0], Unused: [354.66015625]
Memory (VM: aos_vm1)  Actual [1312.0], Unused: [354.8828125]
Memory (VM: aos_vm2)  Actual [1312.0], Unused: [354.43359375]
Memory (VM: aos_vm3)  Actual [1312.0], Unused: [358.921875]

------------------------------------------------------------------------------------------
Iteration number :  32
Memory (VM: aos_vm4)  Actual [1312.0], Unused: [322.0859375]
Memory (VM: aos_vm1)  Actual [1312.0], Unused: [324.3671875]
Memory (VM: aos_vm2)  Actual [1312.0], Unused: [324.28125]
Memory (VM: aos_vm3)  Actual [1312.0], Unused: [326.2265625]

------------------------------------------------------------------------------------------
Iteration number :  33
Memory (VM: aos_vm4)  Actual [1512.0], Unused: [492.46484375]
Memory (VM: aos_vm1)  Actual [1512.0], Unused: [495.47265625]
Memory (VM: aos_vm2)  Actual [1512.0], Unused: [495.38671875]
Memory (VM: aos_vm3)  Actual [1512.0], Unused: [497.6953125]

------------------------------------------------------------------------------------------
Iteration number :  34
Memory (VM: aos_vm4)  Actual [1512.0], Unused: [460.01171875]
Memory (VM: aos_vm1)  Actual [1512.0], Unused: [463.3828125]
Memory (VM: aos_vm2)  Actual [1512.0], Unused: [463.0546875]
Memory (VM: aos_vm3)  Actual [1512.0], Unused: [465.60546875]

------------------------------------------------------------------------------------------
Iteration number :  35
Memory (VM: aos_vm4)  Actual [1512.0], Unused: [427.55859375]
Memory (VM: aos_vm1)  Actual [1512.0], Unused: [431.171875]
Memory (VM: aos_vm2)  Actual [1512.0], Unused: [430.6015625]
Memory (VM: aos_vm3)  Actual [1512.0], Unused: [432.91015625]

------------------------------------------------------------------------------------------
Iteration number :  36
Memory (VM: aos_vm4)  Actual [1512.0], Unused: [395.83203125]
Memory (VM: aos_vm1)  Actual [1512.0], Unused: [399.4453125]
Memory (VM: aos_vm2)  Actual [1512.0], Unused: [398.6328125]
Memory (VM: aos_vm3)  Actual [1512.0], Unused: [401.7890625]

------------------------------------------------------------------------------------------
Iteration number :  37
Memory (VM: aos_vm4)  Actual [1512.0], Unused: [363.86328125]
Memory (VM: aos_vm1)  Actual [1512.0], Unused: [367.234375]
Memory (VM: aos_vm2)  Actual [1512.0], Unused: [366.6640625]
Memory (VM: aos_vm3)  Actual [1512.0], Unused: [370.18359375]

------------------------------------------------------------------------------------------
Iteration number :  38
Memory (VM: aos_vm4)  Actual [1512.0], Unused: [332.62109375]
Memory (VM: aos_vm1)  Actual [1512.0], Unused: [335.38671875]
Memory (VM: aos_vm2)  Actual [1512.0], Unused: [334.2109375]
Memory (VM: aos_vm3)  Actual [1512.0], Unused: [338.21484375]

------------------------------------------------------------------------------------------
Iteration number :  39
Memory (VM: aos_vm4)  Actual [1712.0], Unused: [503.7265625]
Memory (VM: aos_vm1)  Actual [1712.0], Unused: [506.25]
Memory (VM: aos_vm2)  Actual [1712.0], Unused: [504.7421875]
Memory (VM: aos_vm3)  Actual [1712.0], Unused: [508.71484375]

------------------------------------------------------------------------------------------
Iteration number :  40
Memory (VM: aos_vm4)  Actual [1712.0], Unused: [474.78515625]
Memory (VM: aos_vm1)  Actual [1712.0], Unused: [476.33984375]
Memory (VM: aos_vm2)  Actual [1712.0], Unused: [474.58984375]
Memory (VM: aos_vm3)  Actual [1712.0], Unused: [478.92578125]

------------------------------------------------------------------------------------------
Iteration number :  41
Memory (VM: aos_vm4)  Actual [1712.0], Unused: [442.6953125]
Memory (VM: aos_vm1)  Actual [1712.0], Unused: [443.40234375]
Memory (VM: aos_vm2)  Actual [1712.0], Unused: [441.89453125]
Memory (VM: aos_vm3)  Actual [1712.0], Unused: [446.23046875]

------------------------------------------------------------------------------------------
Iteration number :  42
Memory (VM: aos_vm4)  Actual [1912.0], Unused: [614.04296875]
Memory (VM: aos_vm1)  Actual [1912.0], Unused: [614.87109375]
Memory (VM: aos_vm2)  Actual [1912.0], Unused: [612.63671875]
Memory (VM: aos_vm3)  Actual [1712.0], Unused: [414.3828125]

------------------------------------------------------------------------------------------
Iteration number :  43
Memory (VM: aos_vm4)  Actual [1912.0], Unused: [581.984375]
Memory (VM: aos_vm1)  Actual [1912.0], Unused: [581.84375]
Memory (VM: aos_vm2)  Actual [1912.0], Unused: [580.0625]
Memory (VM: aos_vm3)  Actual [1712.0], Unused: [382.171875]

------------------------------------------------------------------------------------------
Iteration number :  44
Memory (VM: aos_vm4)  Actual [1912.0], Unused: [550.13671875]
Memory (VM: aos_vm1)  Actual [1912.0], Unused: [548.6640625]
Memory (VM: aos_vm2)  Actual [1912.0], Unused: [547.125]
Memory (VM: aos_vm3)  Actual [1712.0], Unused: [350.08203125]

------------------------------------------------------------------------------------------
Iteration number :  45
Memory (VM: aos_vm4)  Actual [1912.0], Unused: [518.7734375]
Memory (VM: aos_vm1)  Actual [1912.0], Unused: [516.08984375]
Memory (VM: aos_vm2)  Actual [1912.0], Unused: [514.9140625]
Memory (VM: aos_vm3)  Actual [1912.0], Unused: [520.4609375]

------------------------------------------------------------------------------------------
Iteration number :  46
Memory (VM: aos_vm4)  Actual [1912.0], Unused: [487.41015625]
Memory (VM: aos_vm1)  Actual [1912.0], Unused: [483.39453125]
Memory (VM: aos_vm2)  Actual [1912.0], Unused: [482.58203125]
Memory (VM: aos_vm3)  Actual [1912.0], Unused: [488.16015625]

------------------------------------------------------------------------------------------
Iteration number :  47
Memory (VM: aos_vm4)  Actual [1912.0], Unused: [455.8046875]
Memory (VM: aos_vm1)  Actual [1912.0], Unused: [451.546875]
Memory (VM: aos_vm2)  Actual [1912.0], Unused: [450.4921875]
Memory (VM: aos_vm3)  Actual [1912.0], Unused: [455.70703125]

------------------------------------------------------------------------------------------
Iteration number :  48
Memory (VM: aos_vm4)  Actual [2048.0], Unused: [563.21484375]
Memory (VM: aos_vm1)  Actual [2048.0], Unused: [558.23046875]
Memory (VM: aos_vm2)  Actual [2048.0], Unused: [557.0546875]
Memory (VM: aos_vm3)  Actual [2048.0], Unused: [562.51171875]

------------------------------------------------------------------------------------------
Iteration number :  49
Memory (VM: aos_vm4)  Actual [2048.0], Unused: [531.97265625]
Memory (VM: aos_vm1)  Actual [2048.0], Unused: [526.625]
Memory (VM: aos_vm2)  Actual [2048.0], Unused: [525.328125]
Memory (VM: aos_vm3)  Actual [2048.0], Unused: [530.90625]

------------------------------------------------------------------------------------------
Iteration number :  50
Memory (VM: aos_vm4)  Actual [2048.0], Unused: [500.8515625]
Memory (VM: aos_vm1)  Actual [2048.0], Unused: [495.01953125]
Memory (VM: aos_vm2)  Actual [2048.0], Unused: [493.6015625]
Memory (VM: aos_vm3)  Actual [2048.0], Unused: [499.6640625]

------------------------------------------------------------------------------------------
Iteration number :  51
Memory (VM: aos_vm4)  Actual [2048.0], Unused: [469.3671875]
Memory (VM: aos_vm1)  Actual [2048.0], Unused: [462.9296875]
Memory (VM: aos_vm2)  Actual [2048.0], Unused: [461.75390625]
Memory (VM: aos_vm3)  Actual [2048.0], Unused: [468.421875]

------------------------------------------------------------------------------------------
Iteration number :  52
Memory (VM: aos_vm4)  Actual [2048.0], Unused: [437.8828125]
Memory (VM: aos_vm1)  Actual [2048.0], Unused: [430.35546875]
Memory (VM: aos_vm2)  Actual [2048.0], Unused: [429.6640625]
Memory (VM: aos_vm3)  Actual [2048.0], Unused: [437.05859375]

------------------------------------------------------------------------------------------
Iteration number :  53
Memory (VM: aos_vm4)  Actual [2048.0], Unused: [405.79296875]
Memory (VM: aos_vm1)  Actual [2048.0], Unused: [397.41796875]
Memory (VM: aos_vm2)  Actual [2048.0], Unused: [398.05859375]
Memory (VM: aos_vm3)  Actual [2048.0], Unused: [405.33203125]

------------------------------------------------------------------------------------------
Iteration number :  54
Memory (VM: aos_vm4)  Actual [2048.0], Unused: [374.1875]
Memory (VM: aos_vm1)  Actual [2048.0], Unused: [364.72265625]
Memory (VM: aos_vm2)  Actual [2048.0], Unused: [366.33203125]
Memory (VM: aos_vm3)  Actual [2048.0], Unused: [373.7265625]

------------------------------------------------------------------------------------------
Iteration number :  55
Memory (VM: aos_vm4)  Actual [2048.0], Unused: [342.4609375]
Memory (VM: aos_vm1)  Actual [2048.0], Unused: [332.1484375]
Memory (VM: aos_vm2)  Actual [2048.0], Unused: [334.87890625]
Memory (VM: aos_vm3)  Actual [2048.0], Unused: [342.36328125]

------------------------------------------------------------------------------------------
Iteration number :  56
Memory (VM: aos_vm4)  Actual [2048.0], Unused: [310.734375]
Memory (VM: aos_vm1)  Actual [2048.0], Unused: [299.453125]
Memory (VM: aos_vm2)  Actual [2048.0], Unused: [303.03125]
Memory (VM: aos_vm3)  Actual [2048.0], Unused: [310.63671875]

------------------------------------------------------------------------------------------
Iteration number :  57
Memory (VM: aos_vm4)  Actual [2048.0], Unused: [279.25]
Memory (VM: aos_vm1)  Actual [2048.0], Unused: [267.0]
Memory (VM: aos_vm2)  Actual [2048.0], Unused: [271.91015625]
Memory (VM: aos_vm3)  Actual [2048.0], Unused: [279.87890625]

------------------------------------------------------------------------------------------
Iteration number :  58
Memory (VM: aos_vm4)  Actual [2048.0], Unused: [247.64453125]
Memory (VM: aos_vm1)  Actual [2048.0], Unused: [234.45703125]
Memory (VM: aos_vm2)  Actual [2048.0], Unused: [240.18359375]
Memory (VM: aos_vm3)  Actual [2048.0], Unused: [248.15234375]

------------------------------------------------------------------------------------------
Iteration number :  59
Memory (VM: aos_vm4)  Actual [2048.0], Unused: [215.796875]
Memory (VM: aos_vm1)  Actual [2048.0], Unused: [201.76171875]
Memory (VM: aos_vm2)  Actual [2048.0], Unused: [208.8203125]
Memory (VM: aos_vm3)  Actual [2048.0], Unused: [216.7890625]

------------------------------------------------------------------------------------------
Iteration number :  60
Memory (VM: aos_vm4)  Actual [2048.0], Unused: [184.46484375]
Memory (VM: aos_vm1)  Actual [2048.0], Unused: [169.30859375]
Memory (VM: aos_vm2)  Actual [2048.0], Unused: [177.09375]
Memory (VM: aos_vm3)  Actual [2048.0], Unused: [185.3046875]

------------------------------------------------------------------------------------------
Iteration number :  61
Memory (VM: aos_vm4)  Actual [2048.0], Unused: [152.6171875]
Memory (VM: aos_vm1)  Actual [2048.0], Unused: [136.4921875]
Memory (VM: aos_vm2)  Actual [2048.0], Unused: [145.609375]
Memory (VM: aos_vm3)  Actual [2048.0], Unused: [153.8203125]

------------------------------------------------------------------------------------------
Iteration number :  62
Memory (VM: aos_vm4)  Actual [2048.0], Unused: [120.890625]
Memory (VM: aos_vm1)  Actual [2048.0], Unused: [104.64453125]
Memory (VM: aos_vm2)  Actual [2048.0], Unused: [114.3671875]
Memory (VM: aos_vm3)  Actual [2048.0], Unused: [122.45703125]

------------------------------------------------------------------------------------------
Iteration number :  63
Memory (VM: aos_vm4)  Actual [2048.0], Unused: [89.6484375]
Memory (VM: aos_vm1)  Actual [2048.0], Unused: [72.19140625]
Memory (VM: aos_vm2)  Actual [2048.0], Unused: [83.97265625]
Memory (VM: aos_vm3)  Actual [2048.0], Unused: [90.8828125]

------------------------------------------------------------------------------------------
Iteration number :  64
Memory (VM: aos_vm4)  Actual [2048.0], Unused: [75.36328125]
Memory (VM: aos_vm1)  Actual [2048.0], Unused: [72.73828125]
Memory (VM: aos_vm2)  Actual [2048.0], Unused: [67.953125]
Memory (VM: aos_vm3)  Actual [2048.0], Unused: [75.390625]

------------------------------------------------------------------------------------------
Iteration number :  65
Memory (VM: aos_vm4)  Actual [2048.0], Unused: [70.21875]
Memory (VM: aos_vm1)  Actual [2048.0], Unused: [1390.54296875]
Memory (VM: aos_vm2)  Actual [2048.0], Unused: [71.984375]
Memory (VM: aos_vm3)  Actual [2048.0], Unused: [74.55078125]

------------------------------------------------------------------------------------------
Iteration number :  66
Memory (VM: aos_vm4)  Actual [2048.0], Unused: [1880.45703125]
Memory (VM: aos_vm1)  Actual [1051.5], Unused: [886.91796875]
Memory (VM: aos_vm2)  Actual [2048.0], Unused: [1883.7734375]
Memory (VM: aos_vm3)  Actual [2048.0], Unused: [1882.3125]

------------------------------------------------------------------------------------------
Iteration number :  67
Memory (VM: aos_vm4)  Actual [2048.0], Unused: [1880.45703125]
Memory (VM: aos_vm1)  Actual [1051.5], Unused: [886.91796875]
Memory (VM: aos_vm2)  Actual [2048.0], Unused: [1883.7734375]
Memory (VM: aos_vm3)  Actual [2048.0], Unused: [1882.3125]

------------------------------------------------------------------------------------------
Iteration number :  68
Memory (VM: aos_vm4)  Actual [2048.0], Unused: [1880.45703125]
Memory (VM: aos_vm1)  Actual [1028.5], Unused: [886.88671875]
Memory (VM: aos_vm2)  Actual [2037.0], Unused: [1883.7734375]
Memory (VM: aos_vm3)  Actual [2035.0], Unused: [1882.3125]

------------------------------------------------------------------------------------------
Iteration number :  69
Memory (VM: aos_vm4)  Actual [1051.5], Unused: [883.9765625]
Memory (VM: aos_vm1)  Actual [553.25], Unused: [388.5859375]
Memory (VM: aos_vm2)  Actual [1051.5], Unused: [887.3828125]
Memory (VM: aos_vm3)  Actual [1051.5], Unused: [886.07421875]

------------------------------------------------------------------------------------------
Iteration number :  70
Memory (VM: aos_vm4)  Actual [1051.5], Unused: [883.9765625]
Memory (VM: aos_vm1)  Actual [553.25], Unused: [388.5859375]
Memory (VM: aos_vm2)  Actual [1051.5], Unused: [887.4140625]
Memory (VM: aos_vm3)  Actual [1051.5], Unused: [886.01171875]

------------------------------------------------------------------------------------------
Iteration number :  71
Memory (VM: aos_vm4)  Actual [966.5], Unused: [883.9765625]
Memory (VM: aos_vm1)  Actual [469.25], Unused: [388.5859375]
Memory (VM: aos_vm2)  Actual [979.5], Unused: [887.4140625]
Memory (VM: aos_vm3)  Actual [981.5], Unused: [886.01171875]

------------------------------------------------------------------------------------------
Iteration number :  72
Memory (VM: aos_vm4)  Actual [553.25], Unused: [385.67578125]
Memory (VM: aos_vm1)  Actual [304.125], Unused: [139.52734375]
Memory (VM: aos_vm2)  Actual [553.25], Unused: [389.234375]
Memory (VM: aos_vm3)  Actual [553.25], Unused: [387.7109375]

------------------------------------------------------------------------------------------
Iteration number :  73
Memory (VM: aos_vm4)  Actual [553.25], Unused: [385.67578125]
Memory (VM: aos_vm1)  Actual [304.125], Unused: [139.52734375]
Memory (VM: aos_vm2)  Actual [553.25], Unused: [389.234375]
Memory (VM: aos_vm3)  Actual [553.25], Unused: [387.7109375]

------------------------------------------------------------------------------------------
Iteration number :  74
Memory (VM: aos_vm4)  Actual [429.25], Unused: [385.67578125]
Memory (VM: aos_vm1)  Actual [304.125], Unused: [139.52734375]
Memory (VM: aos_vm2)  Actual [424.25], Unused: [389.234375]
Memory (VM: aos_vm3)  Actual [408.25], Unused: [387.7109375]

------------------------------------------------------------------------------------------
Iteration number :  75
Memory (VM: aos_vm4)  Actual [304.125], Unused: [136.6171875]
Memory (VM: aos_vm1)  Actual [304.125], Unused: [139.52734375]
Memory (VM: aos_vm2)  Actual [304.125], Unused: [140.0234375]
Memory (VM: aos_vm3)  Actual [304.125], Unused: [138.62109375]

------------------------------------------------------------------------------------------
Iteration number :  76
Memory (VM: aos_vm4)  Actual [304.125], Unused: [136.6171875]
Memory (VM: aos_vm1)  Actual [304.125], Unused: [139.52734375]
Memory (VM: aos_vm2)  Actual [304.125], Unused: [140.0234375]
Memory (VM: aos_vm3)  Actual [304.125], Unused: [138.62109375]

------------------------------------------------------------------------------------------
Iteration number :  77
Memory (VM: aos_vm4)  Actual [304.125], Unused: [136.6171875]
Memory (VM: aos_vm1)  Actual [304.125], Unused: [139.52734375]
Memory (VM: aos_vm2)  Actual [304.125], Unused: [140.0234375]
Memory (VM: aos_vm3)  Actual [304.125], Unused: [138.62109375]

------------------------------------------------------------------------------------------
Iteration number :  78
Memory (VM: aos_vm4)  Actual [304.125], Unused: [136.6171875]
Memory (VM: aos_vm1)  Actual [304.125], Unused: [139.52734375]
Memory (VM: aos_vm2)  Actual [304.125], Unused: [140.0234375]
Memory (VM: aos_vm3)  Actual [304.125], Unused: [138.65234375]

------------------------------------------------------------------------------------------
Iteration number :  79
Memory (VM: aos_vm4)  Actual [304.125], Unused: [136.6171875]
Memory (VM: aos_vm1)  Actual [304.125], Unused: [139.52734375]
Memory (VM: aos_vm2)  Actual [304.125], Unused: [140.0234375]
Memory (VM: aos_vm3)  Actual [304.125], Unused: [138.65234375]

------------------------------------------------------------------------------------------
Iteration number :  80
Memory (VM: aos_vm4)  Actual [304.125], Unused: [136.6171875]
Memory (VM: aos_vm1)  Actual [304.125], Unused: [139.52734375]
Memory (VM: aos_vm2)  Actual [304.125], Unused: [140.0234375]
Memory (VM: aos_vm3)  Actual [304.125], Unused: [138.65234375]

------------------------------------------------------------------------------------------
Iteration number :  81
Memory (VM: aos_vm4)  Actual [304.125], Unused: [136.6171875]
Memory (VM: aos_vm1)  Actual [304.125], Unused: [139.52734375]
Memory (VM: aos_vm2)  Actual [304.125], Unused: [140.0234375]
Memory (VM: aos_vm3)  Actual [304.125], Unused: [138.65234375]

------------------------------------------------------------------------------------------
Iteration number :  82
Memory (VM: aos_vm4)  Actual [304.125], Unused: [136.6171875]
Memory (VM: aos_vm1)  Actual [304.125], Unused: [139.52734375]
Memory (VM: aos_vm2)  Actual [304.125], Unused: [140.0234375]
Memory (VM: aos_vm3)  Actual [304.125], Unused: [138.65234375]

------------------------------------------------------------------------------------------
Iteration number :  83
Memory (VM: aos_vm4)  Actual [304.125], Unused: [136.6171875]
Memory (VM: aos_vm1)  Actual [304.125], Unused: [139.40625]
Memory (VM: aos_vm2)  Actual [304.125], Unused: [140.0234375]
Memory (VM: aos_vm3)  Actual [304.125], Unused: [138.65234375]

------------------------------------------------------------------------------------------
Iteration number :  84
Memory (VM: aos_vm4)  Actual [304.125], Unused: [136.6171875]
Memory (VM: aos_vm1)  Actual [304.125], Unused: [139.40625]
Memory (VM: aos_vm2)  Actual [304.125], Unused: [140.0234375]
Memory (VM: aos_vm3)  Actual [304.125], Unused: [138.65234375]

------------------------------------------------------------------------------------------
Iteration number :  85
Memory (VM: aos_vm4)  Actual [304.125], Unused: [136.6171875]
Memory (VM: aos_vm1)  Actual [304.125], Unused: [139.40625]
Memory (VM: aos_vm2)  Actual [304.125], Unused: [140.0234375]
Memory (VM: aos_vm3)  Actual [304.125], Unused: [138.65234375]

------------------------------------------------------------------------------------------
Iteration number :  86
Memory (VM: aos_vm4)  Actual [304.125], Unused: [136.6171875]
Memory (VM: aos_vm1)  Actual [304.125], Unused: [139.40625]
Memory (VM: aos_vm2)  Actual [304.125], Unused: [140.0234375]
Memory (VM: aos_vm3)  Actual [304.125], Unused: [138.65234375]

------------------------------------------------------------------------------------------
Iteration number :  87
Memory (VM: aos_vm4)  Actual [304.125], Unused: [136.6171875]
Memory (VM: aos_vm1)  Actual [304.125], Unused: [139.40625]
Memory (VM: aos_vm2)  Actual [304.125], Unused: [140.0234375]
Memory (VM: aos_vm3)  Actual [304.125], Unused: [138.65234375]

------------------------------------------------------------------------------------------
Iteration number :  88
Memory (VM: aos_vm4)  Actual [304.125], Unused: [136.6171875]
Memory (VM: aos_vm1)  Actual [304.125], Unused: [139.40625]
Memory (VM: aos_vm2)  Actual [304.125], Unused: [140.0234375]
Memory (VM: aos_vm3)  Actual [304.125], Unused: [138.53125]

------------------------------------------------------------------------------------------
Iteration number :  89
Memory (VM: aos_vm4)  Actual [304.125], Unused: [136.6171875]
Memory (VM: aos_vm1)  Actual [304.125], Unused: [139.40625]
Memory (VM: aos_vm2)  Actual [304.125], Unused: [140.0234375]
Memory (VM: aos_vm3)  Actual [304.125], Unused: [138.53125]

------------------------------------------------------------------------------------------
Iteration number :  90
Memory (VM: aos_vm4)  Actual [304.125], Unused: [136.6171875]
Memory (VM: aos_vm1)  Actual [304.125], Unused: [139.40625]
Memory (VM: aos_vm2)  Actual [304.125], Unused: [140.0546875]
Memory (VM: aos_vm3)  Actual [304.125], Unused: [138.53125]
$ run: no process found
run: no process found
run: no process found
run: no process found
^C
$ exit

Script done on 2021-09-25 02:33:13+00:00 [COMMAND_EXIT_CODE="130"]
