Script started on 2021-09-21 19:54:52+00:00 [TERM="xterm-256color" TTY="/dev/pts/8" COLUMNS="80" LINES="24"]
$ cd cpu/test
$ python3 monitor.py -t runtest3.py

--------------------------------------------------
Iteration number :  1
0 - usage: 0.0 | mapping []
1 - usage: 0.0 | mapping []
2 - usage: 0.0 | mapping []
3 - usage: 0.0 | mapping []

--------------------------------------------------
Iteration number :  2
0 - usage: 0.0 | mapping ['aos_vm2', 'aos_vm8']
1 - usage: 0.0 | mapping ['aos_vm6', 'aos_vm5']
2 - usage: 0.0 | mapping ['aos_vm4', 'aos_vm7']
3 - usage: 0.0 | mapping ['aos_vm1', 'aos_vm3']

--------------------------------------------------
Iteration number :  3
0 - usage: 0.0 | mapping ['aos_vm2', 'aos_vm8']
1 - usage: 0.0 | mapping ['aos_vm6', 'aos_vm5']
2 - usage: 0.0 | mapping ['aos_vm4', 'aos_vm7']
3 - usage: 0.0 | mapping ['aos_vm1', 'aos_vm3']

--------------------------------------------------
Iteration number :  4
0 - usage: 0.0 | mapping ['aos_vm1', 'aos_vm2']
1 - usage: 0.0 | mapping ['aos_vm6', 'aos_vm5']
2 - usage: 0.0 | mapping ['aos_vm4', 'aos_vm7']
3 - usage: 0.0 | mapping ['aos_vm8', 'aos_vm3']

--------------------------------------------------
Iteration number :  5
0 - usage: 1.0 | mapping ['aos_vm1', 'aos_vm2']
1 - usage: 0.0 | mapping ['aos_vm6', 'aos_vm5']
2 - usage: 0.0 | mapping ['aos_vm4', 'aos_vm7']
3 - usage: 0.0 | mapping ['aos_vm8', 'aos_vm3']

--------------------------------------------------
Iteration number :  6
0 - usage: 5.0 | mapping ['aos_vm1', 'aos_vm2']
1 - usage: 5.0 | mapping ['aos_vm5', 'aos_vm4']
2 - usage: 4.0 | mapping ['aos_vm7']
3 - usage: 6.0 | mapping ['aos_vm6', 'aos_vm8', 'aos_vm3']

--------------------------------------------------
Iteration number :  7
0 - usage: 91.0 | mapping ['aos_vm1', 'aos_vm7']
1 - usage: 87.0 | mapping ['aos_vm4', 'aos_vm8']
2 - usage: 98.0 | mapping ['aos_vm6', 'aos_vm5']
3 - usage: 95.0 | mapping ['aos_vm2', 'aos_vm3']

--------------------------------------------------
Iteration number :  8
0 - usage: 100.0 | mapping ['aos_vm1', 'aos_vm7']
1 - usage: 98.0 | mapping ['aos_vm4', 'aos_vm8']
2 - usage: 99.0 | mapping ['aos_vm6', 'aos_vm5']
3 - usage: 99.0 | mapping ['aos_vm2', 'aos_vm3']

--------------------------------------------------
Iteration number :  9
0 - usage: 99.0 | mapping ['aos_vm1', 'aos_vm7']
1 - usage: 97.0 | mapping ['aos_vm4', 'aos_vm8']
2 - usage: 100.0 | mapping ['aos_vm6', 'aos_vm5']
3 - usage: 100.0 | mapping ['aos_vm2', 'aos_vm3']

--------------------------------------------------
Iteration number :  10
0 - usage: 105.0 | mapping ['aos_vm1', 'aos_vm8']
1 - usage: 98.0 | mapping ['aos_vm4', 'aos_vm3']
2 - usage: 94.0 | mapping ['aos_vm6', 'aos_vm7']
3 - usage: 88.0 | mapping ['aos_vm2', 'aos_vm5']

--------------------------------------------------
Iteration number :  11
0 - usage: 118.0 | mapping ['aos_vm2', 'aos_vm4', 'aos_vm7']
1 - usage: 82.0 | mapping ['aos_vm6', 'aos_vm5']
2 - usage: 80.0 | mapping ['aos_vm1', 'aos_vm3']
3 - usage: 53.0 | mapping ['aos_vm8']

--------------------------------------------------
Iteration number :  12
0 - usage: 85.00000000000001 | mapping ['aos_vm6', 'aos_vm7']
1 - usage: 81.0 | mapping ['aos_vm2', 'aos_vm4']
2 - usage: 87.00000000000001 | mapping ['aos_vm5', 'aos_vm8']
3 - usage: 85.00000000000001 | mapping ['aos_vm1', 'aos_vm3']

--------------------------------------------------
Iteration number :  13
0 - usage: 84.00000000000001 | mapping ['aos_vm6', 'aos_vm7']
1 - usage: 84.00000000000001 | mapping ['aos_vm2', 'aos_vm4']
2 - usage: 85.00000000000001 | mapping ['aos_vm5', 'aos_vm8']
3 - usage: 84.00000000000001 | mapping ['aos_vm1', 'aos_vm3']

--------------------------------------------------
Iteration number :  14
0 - usage: 86.00000000000001 | mapping ['aos_vm6', 'aos_vm7']
1 - usage: 85.00000000000001 | mapping ['aos_vm2', 'aos_vm4']
2 - usage: 84.00000000000001 | mapping ['aos_vm5', 'aos_vm8']
3 - usage: 84.00000000000001 | mapping ['aos_vm1', 'aos_vm3']

--------------------------------------------------
Iteration number :  15
0 - usage: 84.00000000000001 | mapping ['aos_vm6', 'aos_vm7']
1 - usage: 82.0 | mapping ['aos_vm2', 'aos_vm4']
2 - usage: 86.00000000000001 | mapping ['aos_vm5', 'aos_vm8']
3 - usage: 86.00000000000001 | mapping ['aos_vm1', 'aos_vm3']

--------------------------------------------------
Iteration number :  16
0 - usage: 84.00000000000001 | mapping ['aos_vm6', 'aos_vm7']
1 - usage: 85.00000000000001 | mapping ['aos_vm2', 'aos_vm4']
2 - usage: 84.00000000000001 | mapping ['aos_vm5', 'aos_vm8']
3 - usage: 84.00000000000001 | mapping ['aos_vm1', 'aos_vm3']

--------------------------------------------------
Iteration number :  17
0 - usage: 86.00000000000001 | mapping ['aos_vm6', 'aos_vm7']
1 - usage: 82.0 | mapping ['aos_vm2', 'aos_vm4']
2 - usage: 84.00000000000001 | mapping ['aos_vm5', 'aos_vm8']
3 - usage: 86.00000000000001 | mapping ['aos_vm1', 'aos_vm3']

--------------------------------------------------
Iteration number :  18
0 - usage: 86.00000000000001 | mapping ['aos_vm6', 'aos_vm7']
1 - usage: 85.00000000000001 | mapping ['aos_vm2', 'aos_vm4']
2 - usage: 84.00000000000001 | mapping ['aos_vm5', 'aos_vm8']
3 - usage: 85.00000000000001 | mapping ['aos_vm1', 'aos_vm3']

--------------------------------------------------
Iteration number :  19
0 - usage: 84.00000000000001 | mapping ['aos_vm6', 'aos_vm7']
1 - usage: 85.00000000000001 | mapping ['aos_vm2', 'aos_vm4']
2 - usage: 86.00000000000001 | mapping ['aos_vm5', 'aos_vm8']
3 - usage: 86.00000000000001 | mapping ['aos_vm1', 'aos_vm3']

--------------------------------------------------
Iteration number :  20
0 - usage: 85.00000000000001 | mapping ['aos_vm6', 'aos_vm7']
1 - usage: 84.00000000000001 | mapping ['aos_vm2', 'aos_vm4']
2 - usage: 83.0 | mapping ['aos_vm5', 'aos_vm8']
3 - usage: 85.00000000000001 | mapping ['aos_vm1', 'aos_vm3']

--------------------------------------------------
Iteration number :  21
0 - usage: 84.00000000000001 | mapping ['aos_vm6', 'aos_vm7']
1 - usage: 83.0 | mapping ['aos_vm2', 'aos_vm4']
2 - usage: 85.00000000000001 | mapping ['aos_vm5', 'aos_vm8']
3 - usage: 86.00000000000001 | mapping ['aos_vm1', 'aos_vm3']

--------------------------------------------------
Iteration number :  22
0 - usage: 84.00000000000001 | mapping ['aos_vm6', 'aos_vm7']
1 - usage: 83.0 | mapping ['aos_vm2', 'aos_vm4']
2 - usage: 84.00000000000001 | mapping ['aos_vm5', 'aos_vm8']
3 - usage: 84.00000000000001 | mapping ['aos_vm1', 'aos_vm3']

--------------------------------------------------
Iteration number :  23
0 - usage: 85.00000000000001 | mapping ['aos_vm6', 'aos_vm7']
1 - usage: 85.00000000000001 | mapping ['aos_vm2', 'aos_vm4']
2 - usage: 84.00000000000001 | mapping ['aos_vm5', 'aos_vm8']
3 - usage: 85.00000000000001 | mapping ['aos_vm1', 'aos_vm3']

--------------------------------------------------
Iteration number :  24
0 - usage: 85.00000000000001 | mapping ['aos_vm6', 'aos_vm7']
1 - usage: 84.00000000000001 | mapping ['aos_vm2', 'aos_vm4']
2 - usage: 84.00000000000001 | mapping ['aos_vm5', 'aos_vm8']
3 - usage: 85.00000000000001 | mapping ['aos_vm1', 'aos_vm3']

--------------------------------------------------
Iteration number :  25
0 - usage: 86.00000000000001 | mapping ['aos_vm6', 'aos_vm7']
1 - usage: 84.00000000000001 | mapping ['aos_vm2', 'aos_vm4']
2 - usage: 84.00000000000001 | mapping ['aos_vm5', 'aos_vm8']
3 - usage: 84.00000000000001 | mapping ['aos_vm1', 'aos_vm3']
$ ls
assignall.sh	killall.py	   README.md	testcases
cleanall.sh	makeall.sh	   runtest1.py	vcpu_scheduler1_sample.png
HowToDoTest.md	monitor.py	   runtest2.py	vcpu_scheduler2_sample.png
__init__.py	plot_graph_cpu.py  runtest3.py	vcpu_scheduler3_sample.png
$ exit

Script done on 2021-09-21 19:56:45+00:00 [COMMAND_EXIT_CODE="0"]
