Script started on 2021-09-21 19:30:57+00:00 [TERM="xterm-256color" TTY="/dev/pts/8" COLUMNS="80" LINES="24"]
$ cd cpu/test
$ python3 monitor.py -t runtest1.py

--------------------------------------------------
Iteration number :  1
0 - usage: 0.0 | mapping []
1 - usage: 0.0 | mapping []
2 - usage: 0.0 | mapping []
3 - usage: 0.0 | mapping []

--------------------------------------------------
Iteration number :  2
0 - usage: 0.0 | mapping ['aos_vm4']
1 - usage: 0.0 | mapping ['aos_vm7', 'aos_vm8']
2 - usage: 0.0 | mapping ['aos_vm5', 'aos_vm3']
3 - usage: 1.0 | mapping ['aos_vm1', 'aos_vm2', 'aos_vm6']

--------------------------------------------------
Iteration number :  3
0 - usage: 0.0 | mapping []
1 - usage: 0.0 | mapping ['aos_vm7', 'aos_vm8']
2 - usage: 0.0 | mapping ['aos_vm2', 'aos_vm5', 'aos_vm3']
3 - usage: 0.0 | mapping ['aos_vm1', 'aos_vm6', 'aos_vm4']

--------------------------------------------------
Iteration number :  4
0 - usage: 0.0 | mapping []
1 - usage: 1.0 | mapping ['aos_vm7', 'aos_vm8']
2 - usage: 1.0 | mapping ['aos_vm2', 'aos_vm5', 'aos_vm3']
3 - usage: 1.0 | mapping ['aos_vm1', 'aos_vm6', 'aos_vm4']

--------------------------------------------------
Iteration number :  5
0 - usage: 1.0 | mapping ['aos_vm1', 'aos_vm2']
1 - usage: 0.0 | mapping ['aos_vm6', 'aos_vm5', 'aos_vm8']
2 - usage: 0.0 | mapping ['aos_vm4', 'aos_vm7']
3 - usage: 1.0 | mapping ['aos_vm3']

--------------------------------------------------
Iteration number :  6
0 - usage: 5.0 | mapping ['aos_vm1', 'aos_vm4']
1 - usage: 3.0 | mapping ['aos_vm2', 'aos_vm7']
2 - usage: 4.0 | mapping ['aos_vm6', 'aos_vm8']
3 - usage: 1.0 | mapping ['aos_vm5', 'aos_vm3']

--------------------------------------------------
Iteration number :  7
0 - usage: 93.0 | mapping ['aos_vm1', 'aos_vm4']
1 - usage: 93.0 | mapping ['aos_vm2', 'aos_vm7']
2 - usage: 92.0 | mapping ['aos_vm6', 'aos_vm8']
3 - usage: 89.0 | mapping ['aos_vm5', 'aos_vm3']

--------------------------------------------------
Iteration number :  8
0 - usage: 94.0 | mapping ['aos_vm1', 'aos_vm4']
1 - usage: 95.0 | mapping ['aos_vm2', 'aos_vm7']
2 - usage: 94.0 | mapping ['aos_vm6', 'aos_vm8']
3 - usage: 87.0 | mapping ['aos_vm5', 'aos_vm3']

--------------------------------------------------
Iteration number :  9
0 - usage: 95.0 | mapping ['aos_vm1', 'aos_vm4']
1 - usage: 97.0 | mapping ['aos_vm2', 'aos_vm7']
2 - usage: 95.0 | mapping ['aos_vm6', 'aos_vm8']
3 - usage: 92.0 | mapping ['aos_vm5', 'aos_vm3']

--------------------------------------------------
Iteration number :  10
0 - usage: 100.0 | mapping ['aos_vm1', 'aos_vm4']
1 - usage: 99.0 | mapping ['aos_vm2', 'aos_vm7']
2 - usage: 98.0 | mapping ['aos_vm6', 'aos_vm8']
3 - usage: 99.0 | mapping ['aos_vm5', 'aos_vm3']

--------------------------------------------------
Iteration number :  11
0 - usage: 55.00000000000001 | mapping ['aos_vm1', 'aos_vm4']
1 - usage: 61.0 | mapping ['aos_vm2', 'aos_vm7']
2 - usage: 54.0 | mapping ['aos_vm6', 'aos_vm8']
3 - usage: 67.0 | mapping ['aos_vm5', 'aos_vm3']

--------------------------------------------------
Iteration number :  12
0 - usage: 47.0 | mapping ['aos_vm1', 'aos_vm4']
1 - usage: 51.0 | mapping ['aos_vm2', 'aos_vm7']
2 - usage: 51.0 | mapping ['aos_vm6', 'aos_vm8']
3 - usage: 48.0 | mapping ['aos_vm5', 'aos_vm3']

--------------------------------------------------
Iteration number :  13
0 - usage: 49.0 | mapping ['aos_vm1', 'aos_vm4']
1 - usage: 49.0 | mapping ['aos_vm2', 'aos_vm7']
2 - usage: 49.0 | mapping ['aos_vm6', 'aos_vm8']
3 - usage: 49.0 | mapping ['aos_vm5', 'aos_vm3']

--------------------------------------------------
Iteration number :  14
0 - usage: 50.0 | mapping ['aos_vm1', 'aos_vm4']
1 - usage: 50.0 | mapping ['aos_vm2', 'aos_vm7']
2 - usage: 50.0 | mapping ['aos_vm6', 'aos_vm8']
3 - usage: 48.0 | mapping ['aos_vm5', 'aos_vm3']

--------------------------------------------------
Iteration number :  15
0 - usage: 49.0 | mapping ['aos_vm1', 'aos_vm4']
1 - usage: 48.0 | mapping ['aos_vm2', 'aos_vm7']
2 - usage: 49.0 | mapping ['aos_vm6', 'aos_vm8']
3 - usage: 50.0 | mapping ['aos_vm5', 'aos_vm3']

--------------------------------------------------
Iteration number :  16
0 - usage: 51.0 | mapping ['aos_vm1', 'aos_vm4']
1 - usage: 51.0 | mapping ['aos_vm2', 'aos_vm7']
2 - usage: 50.0 | mapping ['aos_vm6', 'aos_vm8']
3 - usage: 49.0 | mapping ['aos_vm5', 'aos_vm3']

--------------------------------------------------
Iteration number :  17
0 - usage: 48.0 | mapping ['aos_vm1', 'aos_vm4']
1 - usage: 48.0 | mapping ['aos_vm2', 'aos_vm7']
2 - usage: 50.0 | mapping ['aos_vm6', 'aos_vm8']
3 - usage: 47.0 | mapping ['aos_vm5', 'aos_vm3']

--------------------------------------------------
Iteration number :  18
0 - usage: 49.0 | mapping ['aos_vm1', 'aos_vm4']
1 - usage: 50.0 | mapping ['aos_vm2', 'aos_vm7']
2 - usage: 50.0 | mapping ['aos_vm6', 'aos_vm8']
3 - usage: 50.0 | mapping ['aos_vm5', 'aos_vm3']

--------------------------------------------------
Iteration number :  19
0 - usage: 50.0 | mapping ['aos_vm1', 'aos_vm4']
1 - usage: 50.0 | mapping ['aos_vm2', 'aos_vm7']
2 - usage: 48.0 | mapping ['aos_vm6', 'aos_vm8']
3 - usage: 47.0 | mapping ['aos_vm5', 'aos_vm3']

--------------------------------------------------
Iteration number :  20
0 - usage: 49.0 | mapping ['aos_vm1', 'aos_vm4']
1 - usage: 49.0 | mapping ['aos_vm2', 'aos_vm7']
2 - usage: 51.0 | mapping ['aos_vm6', 'aos_vm8']
3 - usage: 50.0 | mapping ['aos_vm5', 'aos_vm3']

--------------------------------------------------
Iteration number :  21
0 - usage: 48.0 | mapping ['aos_vm1', 'aos_vm4']
1 - usage: 51.0 | mapping ['aos_vm2', 'aos_vm7']
2 - usage: 49.0 | mapping ['aos_vm6', 'aos_vm8']
3 - usage: 47.0 | mapping ['aos_vm5', 'aos_vm3']

--------------------------------------------------
Iteration number :  22
0 - usage: 49.0 | mapping ['aos_vm1', 'aos_vm4']
1 - usage: 48.0 | mapping ['aos_vm2', 'aos_vm7']
2 - usage: 50.0 | mapping ['aos_vm6', 'aos_vm8']
3 - usage: 47.0 | mapping ['aos_vm5', 'aos_vm3']

--------------------------------------------------
Iteration number :  23
0 - usage: 49.0 | mapping ['aos_vm1', 'aos_vm4']
1 - usage: 50.0 | mapping ['aos_vm2', 'aos_vm7']
2 - usage: 51.0 | mapping ['aos_vm6', 'aos_vm8']
3 - usage: 47.0 | mapping ['aos_vm5', 'aos_vm3']

--------------------------------------------------
Iteration number :  24
0 - usage: 51.0 | mapping ['aos_vm1', 'aos_vm4']
1 - usage: 49.0 | mapping ['aos_vm2', 'aos_vm7']
2 - usage: 50.0 | mapping ['aos_vm6', 'aos_vm8']
3 - usage: 48.0 | mapping ['aos_vm5', 'aos_vm3']

--------------------------------------------------
Iteration number :  25
0 - usage: 48.0 | mapping ['aos_vm1', 'aos_vm4']
1 - usage: 51.0 | mapping ['aos_vm2', 'aos_vm7']
2 - usage: 51.0 | mapping ['aos_vm6', 'aos_vm8']
3 - usage: 49.0 | mapping ['aos_vm5', 'aos_vm3']
$ exit

Script done on 2021-09-21 19:32:17+00:00 [COMMAND_EXIT_CODE="0"]
